[INFO - 2017_06_13_18:15:04] - {
  FWbatchSize = 4096,
  batchSize = 1024,
  computeStats = 0,
  cuda = 1,
  dropout = 0,
  exportNNET = 1,
  inputSize = 257,
  inputType = "JM_specGram",
  learningRate = 0.01,
  listFolder = "/media/Terezka/VAD_export/STEP2_Torch/",
  listsTrain = { "train.flst" },
  listsValTest = { "valid.flst", "test.flst" },
  logFolder = "/log/",
  logPath = "settings.log",
  lrDecayActive = 0,
  modFolder = "/sigmoidOut_small/",
  model = "special_sig",
  modelName = "sigmOut_small",
  myLogFolder = "/myLogs/",
  noEpochs = 55,
  outputFolder = "/media/Terezka/VAD_export/STEP2_Torch/models/",
  outputSize = 514,
  refExt = ".05o",
  refType = "JM_BinLabel",
  scriptFolder = "/media/Terezka/VAD_export/STEP2_Torch/scripts/",
  seqL = 0,
  seqR = 0,
  shuffle = 1,
  spcGrmExt = ".nin",
  startEpoch = 0
}
